<?xml version="1.0" encoding="UTF-8"?>
<testsuite name="com.parkinglotproblem.parkingsystem.ParkingRepositoryTest" tests="7" skipped="0" failures="0" errors="0" timestamp="2020-06-09T11:06:09" hostname="LAPTOP-VMLRSS4V" time="0.008">
  <properties/>
  <testcase name="givenNullNumber_shouldThrowExecption" classname="com.parkinglotproblem.parkingsystem.ParkingRepositoryTest" time="0.005"/>
  <testcase name="givenNullName_shouldThrowExecption" classname="com.parkinglotproblem.parkingsystem.ParkingRepositoryTest" time="0.0"/>
  <testcase name="givenEmptyName_shouldThrowExecption" classname="com.parkinglotproblem.parkingsystem.ParkingRepositoryTest" time="0.0"/>
  <testcase name="givenCarsToPark_whenAdded_shouldReturnSize" classname="com.parkinglotproblem.parkingsystem.ParkingRepositoryTest" time="0.0"/>
  <testcase name="givenCarToPark_whenAdded_shouldReturnTrue" classname="com.parkinglotproblem.parkingsystem.ParkingRepositoryTest" time="0.0"/>
  <testcase name="givenEmptyCarNumber_shouldThrowExecption" classname="com.parkinglotproblem.parkingsystem.ParkingRepositoryTest" time="0.001"/>
  <testcase name="givenNoVehicle_shouldReturnSize0" classname="com.parkinglotproblem.parkingsystem.ParkingRepositoryTest" time="0.0"/>
  <system-out><![CDATA[]]></system-out>
  <system-err><![CDATA[]]></system-err>
</testsuite>
